Using pre-set license
Built from '2022.3/release' branch; Version is '2022.3.5f1 (9674261d40ee) revision 9860134'; Using compiler version '192829333'; Build Type 'Release'
OS: 'Windows 10  (10.0.19042) 64bit Professional' Language: 'es' Physical Memory: 16313 MB
BatchMode: 1, IsHumanControllingUs: 0, StartBugReporterOnCrash: 0, Is64bit: 1, IsPro: 1

COMMAND LINE ARGUMENTS:
C:\Program Files\Unity\Hub\Editor\2022.3.5f1\Editor\Unity.exe
-adb2
-batchMode
-noUpm
-name
AssetImportWorker1
-projectPath
C:/Users/Usuario/Documents/Escape room primer corte
-logFile
Logs/AssetImportWorker1.log
-srvPort
58456
Successfully changed project path to: C:/Users/Usuario/Documents/Escape room primer corte
C:/Users/Usuario/Documents/Escape room primer corte
[UnityMemory] Configuration Parameters - Can be set up in boot.config
    "memorysetup-bucket-allocator-granularity=16"
    "memorysetup-bucket-allocator-bucket-count=8"
    "memorysetup-bucket-allocator-block-size=33554432"
    "memorysetup-bucket-allocator-block-count=8"
    "memorysetup-main-allocator-block-size=16777216"
    "memorysetup-thread-allocator-block-size=16777216"
    "memorysetup-gfx-main-allocator-block-size=16777216"
    "memorysetup-gfx-thread-allocator-block-size=16777216"
    "memorysetup-cache-allocator-block-size=4194304"
    "memorysetup-typetree-allocator-block-size=2097152"
    "memorysetup-profiler-bucket-allocator-granularity=16"
    "memorysetup-profiler-bucket-allocator-bucket-count=8"
    "memorysetup-profiler-bucket-allocator-block-size=33554432"
    "memorysetup-profiler-bucket-allocator-block-count=8"
    "memorysetup-profiler-allocator-block-size=16777216"
    "memorysetup-profiler-editor-allocator-block-size=1048576"
    "memorysetup-temp-allocator-size-main=16777216"
    "memorysetup-job-temp-allocator-block-size=2097152"
    "memorysetup-job-temp-allocator-block-size-background=1048576"
    "memorysetup-job-temp-allocator-reduction-small-platforms=262144"
    "memorysetup-allocator-temp-initial-block-size-main=262144"
    "memorysetup-allocator-temp-initial-block-size-worker=262144"
    "memorysetup-temp-allocator-size-background-worker=32768"
    "memorysetup-temp-allocator-size-job-worker=262144"
    "memorysetup-temp-allocator-size-preload-manager=33554432"
    "memorysetup-temp-allocator-size-nav-mesh-worker=65536"
    "memorysetup-temp-allocator-size-audio-worker=65536"
    "memorysetup-temp-allocator-size-cloud-worker=32768"
    "memorysetup-temp-allocator-size-gi-baking-worker=262144"
    "memorysetup-temp-allocator-size-gfx=262144"
Player connection [16812] Host "[IP] 192.168.18.4 [Port] 0 [Flags] 2 [Guid] 3387547265 [EditorId] 3387547265 [Version] 1048832 [Id] WindowsEditor(7,DESKTOP-21721317) [Debug] 1 [PackageName] WindowsEditor [ProjectName] Editor" joined multi-casting on [225.0.0.222:54997]...

Player connection [16812] Host "[IP] 192.168.18.4 [Port] 0 [Flags] 2 [Guid] 3387547265 [EditorId] 3387547265 [Version] 1048832 [Id] WindowsEditor(7,DESKTOP-21721317) [Debug] 1 [PackageName] WindowsEditor [ProjectName] Editor" joined alternative multi-casting on [225.0.0.222:34997]...

Refreshing native plugins compatible for Editor in 6.09 ms, found 3 plugins.
Preloading 0 native plugins for Editor in 0.00 ms.
Initialize engine version: 2022.3.5f1 (9674261d40ee)
[Subsystems] Discovering subsystems at path C:/Program Files/Unity/Hub/Editor/2022.3.5f1/Editor/Data/Resources/UnitySubsystems
[Subsystems] Discovering subsystems at path C:/Users/Usuario/Documents/Escape room primer corte/Assets
GfxDevice: creating device client; threaded=0; jobified=0
Direct3D:
    Version:  Direct3D 11.0 [level 11.1]
    Renderer: Radeon RX550/550 Series (ID=0x699f)
    Vendor:   ATI
    VRAM:     1992 MB
    Driver:   31.0.14037.17019
Initialize mono
Mono path[0] = 'C:/Program Files/Unity/Hub/Editor/2022.3.5f1/Editor/Data/Managed'
Mono path[1] = 'C:/Program Files/Unity/Hub/Editor/2022.3.5f1/Editor/Data/MonoBleedingEdge/lib/mono/unityjit-win32'
Mono config path = 'C:/Program Files/Unity/Hub/Editor/2022.3.5f1/Editor/Data/MonoBleedingEdge/etc'
Using monoOptions --debugger-agent=transport=dt_socket,embedding=1,server=y,suspend=n,address=127.0.0.1:56872
Begin MonoManager ReloadAssembly
Registering precompiled unity dll's ...
Register platform support module: C:/Program Files/Unity/Hub/Editor/2022.3.5f1/Editor/Data/PlaybackEngines/WindowsStandaloneSupport/UnityEditor.WindowsStandalone.Extensions.dll
Registered in 0.007434 seconds.
- Loaded All Assemblies, in  0.319 seconds
Native extension for WindowsStandalone target not found
Mono: successfully reloaded assembly
- Finished resetting the current domain, in  0.256 seconds
Domain Reload Profiling: 574ms
	BeginReloadAssembly (78ms)
		ExecutionOrderSort (0ms)
		DisableScriptedObjects (0ms)
		BackupInstance (0ms)
		ReleaseScriptingObjects (0ms)
		CreateAndSetChildDomain (1ms)
	RebuildCommonClasses (33ms)
	RebuildNativeTypeToScriptingClass (11ms)
	initialDomainReloadingComplete (57ms)
	LoadAllAssembliesAndSetupDomain (139ms)
		LoadAssemblies (76ms)
		RebuildTransferFunctionScriptingTraits (0ms)
		AnalyzeDomain (134ms)
			TypeCache.Refresh (133ms)
				TypeCache.ScanAssembly (121ms)
			ScanForSourceGeneratedMonoScriptInfo (0ms)
			ResolveRequiredComponents (0ms)
	FinalizeReload (256ms)
		ReleaseScriptCaches (0ms)
		RebuildScriptCaches (0ms)
		SetupLoadedEditorAssemblies (199ms)
			LogAssemblyErrors (0ms)
			InitializePlatformSupportModulesInManaged (9ms)
			SetLoadedEditorAssemblies (7ms)
			RefreshPlugins (0ms)
			BeforeProcessingInitializeOnLoad (2ms)
			ProcessInitializeOnLoadAttributes (134ms)
			ProcessInitializeOnLoadMethodAttributes (46ms)
			AfterProcessingInitializeOnLoad (0ms)
			EditorAssembliesLoaded (0ms)
		ExecutionOrderSort2 (0ms)
		AwakeInstancesAfterBackupRestoration (0ms)
========================================================================
Worker process is ready to serve import requests
Begin MonoManager ReloadAssembly
Symbol file LoadedFromMemory doesn't match image C:\Users\Usuario\Documents\Escape room primer corte\Library\PackageCache\com.unity.visualscripting@1.8.0\Editor\VisualScripting.Core\Dependencies\YamlDotNet\Unity.VisualScripting.YamlDotNet.dll
Symbol file LoadedFromMemory doesn't match image C:\Users\Usuario\Documents\Escape room primer corte\Library\PackageCache\com.unity.visualscripting@1.8.0\Editor\VisualScripting.Core\Dependencies\DotNetZip\Unity.VisualScripting.IonicZip.dll
- Loaded All Assemblies, in  0.679 seconds
Refreshing native plugins compatible for Editor in 2.40 ms, found 3 plugins.
Native extension for WindowsStandalone target not found
Mono: successfully reloaded assembly
- Finished resetting the current domain, in  0.470 seconds
Domain Reload Profiling: 1147ms
	BeginReloadAssembly (127ms)
		ExecutionOrderSort (0ms)
		DisableScriptedObjects (6ms)
		BackupInstance (0ms)
		ReleaseScriptingObjects (0ms)
		CreateAndSetChildDomain (19ms)
	RebuildCommonClasses (33ms)
	RebuildNativeTypeToScriptingClass (11ms)
	initialDomainReloadingComplete (42ms)
	LoadAllAssembliesAndSetupDomain (464ms)
		LoadAssemblies (231ms)
		RebuildTransferFunctionScriptingTraits (0ms)
		AnalyzeDomain (292ms)
			TypeCache.Refresh (275ms)
				TypeCache.ScanAssembly (264ms)
			ScanForSourceGeneratedMonoScriptInfo (14ms)
			ResolveRequiredComponents (4ms)
	FinalizeReload (470ms)
		ReleaseScriptCaches (0ms)
		RebuildScriptCaches (0ms)
		SetupLoadedEditorAssemblies (330ms)
			LogAssemblyErrors (0ms)
			InitializePlatformSupportModulesInManaged (6ms)
			SetLoadedEditorAssemblies (4ms)
			RefreshPlugins (0ms)
			BeforeProcessingInitializeOnLoad (56ms)
			ProcessInitializeOnLoadAttributes (238ms)
			ProcessInitializeOnLoadMethodAttributes (19ms)
			AfterProcessingInitializeOnLoad (7ms)
			EditorAssembliesLoaded (0ms)
		ExecutionOrderSort2 (0ms)
		AwakeInstancesAfterBackupRestoration (6ms)
Launched and connected shader compiler UnityShaderCompiler.exe after 0.05 seconds
Refreshing native plugins compatible for Editor in 2.54 ms, found 3 plugins.
Preloading 0 native plugins for Editor in 0.00 ms.
Unloading 3066 Unused Serialized files (Serialized files now loaded: 0)
Unloading 31 unused Assets / (56.4 KB). Loaded Objects now: 3530.
Memory consumption went from 116.4 MB to 116.4 MB.
Total: 2.895100 ms (FindLiveObjects: 0.255500 ms CreateObjectMapping: 0.269100 ms MarkObjects: 2.275200 ms  DeleteObjects: 0.094700 ms)

AssetImportParameters requested are different than current active one (requested -> active):
  custom:container-demuxer-ogg: 62fdf1f143b41e24485cea50d1cbac27 -> 
  custom:video-decoder-ogg-theora: a1e56fd34408186e4bbccfd4996cb3dc -> 
  custom:framework-win-MediaFoundation: 216162199b28c13a410421893ffa2e32 -> 
  custom:CustomObjectIndexerAttribute: 756ad292c208cfabdd7b50bc23989ffe -> 
  custom:container-demuxer-webm: 4f35f7cbe854078d1ac9338744f61a02 -> 
  custom:container-muxer-webm: aa71ff27fc2769a1b78a27578f13a17b -> 
  custom:video-decoder-webm-vp8: 9c59270c3fd7afecdb556c50c9e8de78 -> 
  custom:AudioImporter_EditorPlatform: d09bf68614088b80899f8185d706f6e7 -> 
  custom:video-encoder-webm-vp8: eb34c28f22e8b96e1ab97ce403110664 -> 
  custom:audio-decoder-ogg-vorbis: bf7c407c2cedff20999df2af8eb42d56 -> 
  custom:audio-encoder-webm-vorbis: bf7c407c2cedff20999df2af8eb42d56 -> 
========================================================================
Received Import Request.
  Time since last request: 877259.640381 seconds.
  path: Assets/Asset pack for horror game/Prefabs/Bed with person with blood.prefab
  artifactKey: Guid(71ae3e09e08c9b443bbc5f5bb033a109) Importer(815301076,1909f56bfc062723c751e8b465ee728b)
Start importing Assets/Asset pack for horror game/Prefabs/Bed with person with blood.prefab using Guid(71ae3e09e08c9b443bbc5f5bb033a109) Importer(815301076,1909f56bfc062723c751e8b465ee728b)  -> (artifact id: 'b58e1933997ca8fd7e96f572da6ebadd') in 0.378496 seconds
Number of updated asset objects reloaded before import = 0
Number of asset objects unloaded after import = 15
========================================================================
Received Import Request.
  Time since last request: 0.000021 seconds.
  path: Assets/Asset pack for horror game/Prefabs/Window.prefab
  artifactKey: Guid(7eaeaf649770040418b98b8605bdb96f) Importer(815301076,1909f56bfc062723c751e8b465ee728b)
Start importing Assets/Asset pack for horror game/Prefabs/Window.prefab using Guid(7eaeaf649770040418b98b8605bdb96f) Importer(815301076,1909f56bfc062723c751e8b465ee728b)  -> (artifact id: '3554970cc83c5d83456b4a67fa0c7a5c') in 0.277431 seconds
Number of updated asset objects reloaded before import = 0
Number of asset objects unloaded after import = 15
========================================================================
Received Import Request.
  Time since last request: 0.000023 seconds.
  path: Assets/Asset pack for horror game/Prefabs/Broken bed.prefab
  artifactKey: Guid(cf9769da514c444459977f2c3b46e5c3) Importer(815301076,1909f56bfc062723c751e8b465ee728b)
Start importing Assets/Asset pack for horror game/Prefabs/Broken bed.prefab using Guid(cf9769da514c444459977f2c3b46e5c3) Importer(815301076,1909f56bfc062723c751e8b465ee728b)  -> (artifact id: '0526397c86177cb666ee1c5fd74b1810') in 0.024557 seconds
Number of updated asset objects reloaded before import = 0
Number of asset objects unloaded after import = 15
========================================================================
Received Import Request.
  Time since last request: 0.000015 seconds.
  path: Assets/Asset pack for horror game/Prefabs/Wooden table.prefab
  artifactKey: Guid(157eb6e39e01ebf4b9728380df90f6a9) Importer(815301076,1909f56bfc062723c751e8b465ee728b)
Start importing Assets/Asset pack for horror game/Prefabs/Wooden table.prefab using Guid(157eb6e39e01ebf4b9728380df90f6a9) Importer(815301076,1909f56bfc062723c751e8b465ee728b)  -> (artifact id: 'da493396c6d2252909463e2a6952a895') in 0.024273 seconds
Number of updated asset objects reloaded before import = 0
Number of asset objects unloaded after import = 15
========================================================================
Received Import Request.
  Time since last request: 0.000013 seconds.
  path: Assets/Asset pack for horror game/Prefabs/Room.prefab
  artifactKey: Guid(9d3fe81427a90ba459d648ce510d6942) Importer(815301076,1909f56bfc062723c751e8b465ee728b)
Start importing Assets/Asset pack for horror game/Prefabs/Room.prefab using Guid(9d3fe81427a90ba459d648ce510d6942) Importer(815301076,1909f56bfc062723c751e8b465ee728b)  -> (artifact id: '098d3eb64fcbdc8c4343687926ef72a5') in 0.026004 seconds
Number of updated asset objects reloaded before import = 0
Number of asset objects unloaded after import = 15
========================================================================
Received Import Request.
  Time since last request: 0.000015 seconds.
  path: Assets/Asset pack for horror game/Prefabs/Curtain.prefab
  artifactKey: Guid(8cc796bf074b38844ad31c1e4ab3128a) Importer(815301076,1909f56bfc062723c751e8b465ee728b)
Start importing Assets/Asset pack for horror game/Prefabs/Curtain.prefab using Guid(8cc796bf074b38844ad31c1e4ab3128a) Importer(815301076,1909f56bfc062723c751e8b465ee728b)  -> (artifact id: '0211d6ee68d9845ba70fc9b8e59f8dd7') in 0.023361 seconds
Number of updated asset objects reloaded before import = 0
Number of asset objects unloaded after import = 15
========================================================================
Received Import Request.
  Time since last request: 0.000014 seconds.
  path: Assets/Asset pack for horror game/Prefabs/Wheelchair.prefab
  artifactKey: Guid(9bdbe5e160ee8424ba6d6a35af3ba2e7) Importer(815301076,1909f56bfc062723c751e8b465ee728b)
Start importing Assets/Asset pack for horror game/Prefabs/Wheelchair.prefab using Guid(9bdbe5e160ee8424ba6d6a35af3ba2e7) Importer(815301076,1909f56bfc062723c751e8b465ee728b)  -> (artifact id: '8c929553211309c94a957d54ed0db076') in 0.026653 seconds
Number of updated asset objects reloaded before import = 0
Number of asset objects unloaded after import = 15
========================================================================
Received Import Request.
  Time since last request: 0.000020 seconds.
  path: Assets/Asset pack for horror game/Prefabs/Fluorescent lamp.prefab
  artifactKey: Guid(82d6102e26d76fc43984f82578eb53ff) Importer(815301076,1909f56bfc062723c751e8b465ee728b)
Start importing Assets/Asset pack for horror game/Prefabs/Fluorescent lamp.prefab using Guid(82d6102e26d76fc43984f82578eb53ff) Importer(815301076,1909f56bfc062723c751e8b465ee728b)  -> (artifact id: 'd3def94b95bb5b60d1e29eb84b3e3c30') in 0.043180 seconds
Number of updated asset objects reloaded before import = 0
Number of asset objects unloaded after import = 16
========================================================================
Received Import Request.
  Time since last request: 0.000018 seconds.
  path: Assets/Asset pack for horror game/Prefabs/Dirty curtain.prefab
  artifactKey: Guid(d371a4f30de5bcc4c832c9216325e3af) Importer(815301076,1909f56bfc062723c751e8b465ee728b)
Start importing Assets/Asset pack for horror game/Prefabs/Dirty curtain.prefab using Guid(d371a4f30de5bcc4c832c9216325e3af) Importer(815301076,1909f56bfc062723c751e8b465ee728b)  -> (artifact id: '354830702bf48b706420a28af32297be') in 0.025532 seconds
Number of updated asset objects reloaded before import = 0
Number of asset objects unloaded after import = 15
========================================================================
Received Import Request.
  Time since last request: 0.000017 seconds.
  path: Assets/Asset pack for horror game/Prefabs/Iron chair.prefab
  artifactKey: Guid(bd2a496943cc6aa4b8d49188ce77767d) Importer(815301076,1909f56bfc062723c751e8b465ee728b)
Start importing Assets/Asset pack for horror game/Prefabs/Iron chair.prefab using Guid(bd2a496943cc6aa4b8d49188ce77767d) Importer(815301076,1909f56bfc062723c751e8b465ee728b)  -> (artifact id: '7064e490c01b68850063779eed1c7d0e') in 0.022980 seconds
Number of updated asset objects reloaded before import = 0
Number of asset objects unloaded after import = 15
========================================================================
Received Import Request.
  Time since last request: 1006.958887 seconds.
  path: Assets/Room/textures/door texture 2.png
  artifactKey: Guid(2621688afa3fd5648872b26e49e00672) Importer(815301076,1909f56bfc062723c751e8b465ee728b)
Start importing Assets/Room/textures/door texture 2.png using Guid(2621688afa3fd5648872b26e49e00672) Importer(815301076,1909f56bfc062723c751e8b465ee728b)  -> (artifact id: '91064fea83721fbd8c03dea4ee5e4fd3') in 0.034430 seconds
Number of updated asset objects reloaded before import = 0
Number of asset objects unloaded after import = 2
========================================================================
Received Import Request.
  Time since last request: 0.000021 seconds.
  path: Assets/Room/textures/the book texture.png
  artifactKey: Guid(cd9ff9fc51f374941934237aedf94aec) Importer(815301076,1909f56bfc062723c751e8b465ee728b)
Start importing Assets/Room/textures/the book texture.png using Guid(cd9ff9fc51f374941934237aedf94aec) Importer(815301076,1909f56bfc062723c751e8b465ee728b)  -> (artifact id: '25946b062b1693d5f47c5b5dcbb6abe0') in 0.022540 seconds
Number of updated asset objects reloaded before import = 0
Number of asset objects unloaded after import = 2
========================================================================
Received Import Request.
  Time since last request: 0.000019 seconds.
  path: Assets/Room/textures/door texture 3.png
  artifactKey: Guid(d428a86effda3254cbdd214d03890a33) Importer(815301076,1909f56bfc062723c751e8b465ee728b)
Start importing Assets/Room/textures/door texture 3.png using Guid(d428a86effda3254cbdd214d03890a33) Importer(815301076,1909f56bfc062723c751e8b465ee728b)  -> (artifact id: '2c587068dab800213910f989fd7a1bd6') in 0.021882 seconds
Number of updated asset objects reloaded before import = 0
Number of asset objects unloaded after import = 2
========================================================================
Received Import Request.
  Time since last request: 0.000019 seconds.
  path: Assets/Room/textures/the chandelier.png
  artifactKey: Guid(f8981b2722a8a6746ba878eef42c0006) Importer(815301076,1909f56bfc062723c751e8b465ee728b)
Start importing Assets/Room/textures/the chandelier.png using Guid(f8981b2722a8a6746ba878eef42c0006) Importer(815301076,1909f56bfc062723c751e8b465ee728b)  -> (artifact id: '8895439ee0b3ddd8a12d9f3b823f9f48') in 0.020430 seconds
Number of updated asset objects reloaded before import = 0
Number of asset objects unloaded after import = 2
========================================================================
Received Import Request.
  Time since last request: 4.659417 seconds.
  path: Assets/Room/textures/floor/marble_1_height.png
  artifactKey: Guid(6709565d7c22df04fac8dca11ad0ae17) Importer(815301076,1909f56bfc062723c751e8b465ee728b)
Start importing Assets/Room/textures/floor/marble_1_height.png using Guid(6709565d7c22df04fac8dca11ad0ae17) Importer(815301076,1909f56bfc062723c751e8b465ee728b)  -> (artifact id: '0d6f9138c55b3fd0350875a978382728') in 0.022394 seconds
Number of updated asset objects reloaded before import = 0
Number of asset objects unloaded after import = 2
========================================================================
Received Import Request.
  Time since last request: 0.000016 seconds.
  path: Assets/Room/textures/floor/marble_1_roughness.png
  artifactKey: Guid(1979c7757587fa14fa611fcd2f489241) Importer(815301076,1909f56bfc062723c751e8b465ee728b)
Start importing Assets/Room/textures/floor/marble_1_roughness.png using Guid(1979c7757587fa14fa611fcd2f489241) Importer(815301076,1909f56bfc062723c751e8b465ee728b)  -> (artifact id: '0fdb225b0f0584fd76509b92ceed9c63') in 0.020511 seconds
Number of updated asset objects reloaded before import = 0
Number of asset objects unloaded after import = 2
Editor requested this worker to shutdown with reason: Scaling down because of idle timeout
TcpMessagingSession - receive error: operation aborted. errorcode: 995, details: La operación de E/S se anuló por una salida de subproceso o por una solicitud de aplicación.
AssetImportWorker is now disconnected from the server
Process exiting
Exiting without the bug reporter. Application will terminate with return code 0